TN:
SF:/Users/benkaufman/Documents/Work/DAOstack/alchemy-monorepo/packages/arc/contracts/controller/Avatar.sol
FN:32,constructor
FN:41,
FN:55,genericCall
FN:68,sendEther
FN:82,externalTokenTransfer
FN:103,externalTokenTransferFrom
FN:119,externalTokenApproval
FN:131,metaData
FNF:8
FNH:8
FNDA:414,constructor
FNDA:54,
FNDA:150,genericCall
FNDA:27,sendEther
FNDA:14,externalTokenTransfer
FNDA:2,externalTokenTransferFrom
FNDA:3,externalTokenApproval
FNDA:319,metaData
DA:33,414
DA:34,414
DA:35,414
DA:42,54
DA:58,150
DA:59,150
DA:69,27
DA:70,25
DA:71,25
DA:84,14
DA:85,14
DA:86,14
DA:105,2
DA:106,2
DA:107,2
DA:121,3
DA:122,3
DA:123,3
DA:132,319
DA:133,319
LF:20
LH:20
BRF:0
BRH:0
end_of_record
TN:
SF:/Users/benkaufman/Documents/Work/DAOstack/alchemy-monorepo/packages/arc/contracts/controller/Controller.sol
FN:67,constructor
FN:77,
FN:82,onlyRegisteredScheme
FN:87,onlyRegisteringSchemes
FN:92,onlyGlobalConstraintsScheme
FN:97,onlyUpgradingScheme
FN:102,onlyGenericCallScheme
FN:107,onlyMetaDataScheme
FN:112,onlySubjectToConstraint
FN:127,isAvatarValid
FN:142,mintReputation
FN:159,burnReputation
FN:176,mintTokens
FN:194,registerScheme
FN:225,unregisterScheme
FN:245,unregisterSelf
FN:263,addGlobalConstraint
FN:300,removeGlobalConstraint
FN:355,upgradeController
FN:388,genericCall
FN:404,sendEther
FN:421,externalTokenTransfer
FN:446,externalTokenTransferFrom
FN:464,externalTokenApproval
FN:479,metaData
FN:490,getNativeReputation
FN:494,isSchemeRegistered
FN:500,getSchemeParameters
FN:509,getSchemePermissions
FN:516,getGlobalConstraintParameters
FN:538,globalConstraintsCount
FN:547,isGlobalConstraintRegistered
FN:555,_isSchemeRegistered
FNF:33
FNH:32
FNDA:385,constructor
FNDA:0,
FNDA:357,onlyRegisteredScheme
FNDA:2001,onlyRegisteringSchemes
FNDA:37,onlyGlobalConstraintsScheme
FNDA:4,onlyUpgradingScheme
FNDA:148,onlyGenericCallScheme
FNDA:318,onlyMetaDataScheme
FNDA:2504,onlySubjectToConstraint
FNDA:3322,isAvatarValid
FNDA:192,mintReputation
FNDA:33,burnReputation
FNDA:80,mintTokens
FNDA:978,registerScheme
FNDA:1015,unregisterScheme
FNDA:33,unregisterSelf
FNDA:25,addGlobalConstraint
FNDA:12,removeGlobalConstraint
FNDA:2,upgradeController
FNDA:147,genericCall
FNDA:26,sendEther
FNDA:13,externalTokenTransfer
FNDA:1,externalTokenTransferFrom
FNDA:2,externalTokenApproval
FNDA:318,metaData
FNDA:1,getNativeReputation
FNDA:323,isSchemeRegistered
FNDA:58,getSchemeParameters
FNDA:9,getSchemePermissions
FNDA:2,getGlobalConstraintParameters
FNDA:38,globalConstraintsCount
FNDA:14,isGlobalConstraintRegistered
FNDA:1371,_isSchemeRegistered
DA:68,385
DA:69,385
DA:70,385
DA:71,385
DA:72,385
DA:78,0
DA:83,357
DA:84,357
DA:88,2001
DA:89,1999
DA:93,37
DA:94,37
DA:98,4
DA:99,2
DA:103,148
DA:104,148
DA:108,318
DA:109,318
DA:113,2504
DA:114,2504
DA:115,16
DA:119,2489
DA:120,2261
DA:121,3
DA:128,3322
DA:129,3320
DA:145,192
DA:146,192
DA:162,33
DA:163,33
DA:179,80
DA:180,80
DA:198,978
DA:204,978
DA:207,978
DA:210,978
DA:211,978
DA:212,978
DA:213,978
DA:229,1015
DA:230,1
DA:233,1014
DA:236,790
DA:237,790
DA:238,790
DA:246,33
DA:247,1
DA:249,32
DA:250,32
DA:251,32
DA:266,25
DA:267,25
DA:269,22
DA:270,20
DA:271,20
DA:274,2
DA:277,25
DA:279,21
DA:280,19
DA:281,19
DA:284,2
DA:287,25
DA:288,25
DA:303,12
DA:304,12
DA:305,12
DA:306,12
DA:308,12
DA:310,12
DA:311,12
DA:312,12
DA:313,2
DA:314,2
DA:315,2
DA:317,12
DA:318,12
DA:319,12
DA:322,12
DA:324,11
DA:325,11
DA:326,11
DA:327,2
DA:328,2
DA:329,2
DA:331,11
DA:332,11
DA:333,11
DA:336,12
DA:337,12
DA:343,12
DA:358,2
DA:359,2
DA:360,2
DA:361,2
DA:362,2
DA:363,2
DA:364,2
DA:365,2
DA:367,2
DA:368,2
DA:369,2
DA:371,2
DA:372,2
DA:391,147
DA:407,26
DA:424,13
DA:449,1
DA:467,2
DA:482,318
DA:491,1
DA:495,323
DA:504,58
DA:513,9
DA:518,2
DA:520,2
DA:521,1
DA:524,1
DA:526,1
DA:527,1
DA:542,38
DA:551,14
DA:556,1371
LF:122
LH:121
BRDA:83,1,0,357
BRDA:83,1,1,0
BRDA:88,2,0,1999
BRDA:88,2,1,2
BRDA:93,3,0,37
BRDA:93,3,1,0
BRDA:98,4,0,2
BRDA:98,4,1,2
BRDA:103,5,0,148
BRDA:103,5,1,0
BRDA:108,6,0,318
BRDA:108,6,1,0
BRDA:115,7,0,1
BRDA:115,7,1,15
BRDA:121,8,0,1
BRDA:121,8,1,2
BRDA:128,9,0,3320
BRDA:128,9,1,2
BRDA:204,10,0,978
BRDA:204,10,1,0
BRDA:207,11,0,978
BRDA:207,11,1,0
BRDA:229,12,0,1
BRDA:229,12,1,1014
BRDA:233,13,0,790
BRDA:233,13,1,224
BRDA:246,14,0,1
BRDA:246,14,1,32
BRDA:267,15,0,22
BRDA:267,15,1,3
BRDA:269,16,0,20
BRDA:269,16,1,2
BRDA:277,17,0,21
BRDA:277,17,1,4
BRDA:279,18,0,19
BRDA:279,18,1,2
BRDA:308,19,0,12
BRDA:308,19,1,0
BRDA:311,20,0,12
BRDA:311,20,1,0
BRDA:312,21,0,2
BRDA:312,21,1,10
BRDA:322,22,0,11
BRDA:322,22,1,1
BRDA:325,23,0,11
BRDA:325,23,1,0
BRDA:326,24,0,2
BRDA:326,24,1,9
BRDA:336,25,0,12
BRDA:336,25,1,0
BRDA:358,26,0,2
BRDA:358,26,1,0
BRDA:359,27,0,2
BRDA:359,27,1,0
BRDA:362,28,0,2
BRDA:362,28,1,0
BRDA:363,29,0,2
BRDA:363,29,1,0
BRDA:365,30,0,2
BRDA:365,30,1,0
BRDA:367,31,0,2
BRDA:367,31,1,0
BRDA:369,32,0,2
BRDA:369,32,1,0
BRDA:520,33,0,1
BRDA:520,33,1,1
BRDA:526,34,0,1
BRDA:526,34,1,0
BRF:68
BRH:50
end_of_record
TN:
SF:/Users/benkaufman/Documents/Work/DAOstack/alchemy-monorepo/packages/arc/contracts/controller/DAOToken.sol
FN:27,constructor
FN:39,mint
FNF:2
FNH:2
FNDA:402,constructor
FNDA:535,mint
DA:29,402
DA:30,402
DA:31,402
DA:40,535
DA:41,3
DA:42,533
DA:43,533
LF:7
LH:7
BRDA:40,1,0,3
BRDA:40,1,1,532
BRDA:41,2,0,1
BRDA:41,2,1,2
BRF:4
BRH:4
end_of_record
TN:
SF:/Users/benkaufman/Documents/Work/DAOstack/alchemy-monorepo/packages/arc/contracts/globalConstraints/GlobalConstraintInterface.sol
FNF:0
FNH:0
LF:0
LH:0
BRF:0
BRH:0
end_of_record
TN:
SF:/Users/benkaufman/Documents/Work/DAOstack/alchemy-monorepo/packages/arc/contracts/globalConstraints/TokenCapGC.sol
FN:28,setParameters
FN:41,getParametersHash
FN:50,pre
FN:59,post
FN:71,when
FNF:5
FNH:5
FNDA:4,setParameters
FNDA:8,getParametersHash
FNDA:1,pre
FNDA:7,post
FNDA:1,when
DA:29,4
DA:30,4
DA:31,4
DA:32,4
DA:42,8
DA:51,1
DA:60,7
DA:62,3
DA:64,4
DA:72,1
LF:10
LH:10
BRDA:60,1,0,3
BRDA:60,1,1,4
BRF:2
BRH:2
end_of_record
TN:
SF:/Users/benkaufman/Documents/Work/DAOstack/alchemy-monorepo/packages/arc/contracts/libs/SafeERC20.sol
FN:27,safeTransfer
FN:41,safeTransferFrom
FN:55,safeApprove
FNF:3
FNH:3
FNDA:47,safeTransfer
FNDA:70,safeTransferFrom
FNDA:7,safeApprove
DA:30,47
DA:32,47
DA:36,47
DA:38,47
DA:44,70
DA:46,70
DA:50,70
DA:52,70
DA:58,7
DA:62,7
DA:64,7
DA:68,7
DA:70,7
LF:13
LH:13
BRDA:30,1,0,47
BRDA:30,1,1,0
BRDA:36,2,0,47
BRDA:36,2,1,0
BRDA:38,3,0,47
BRDA:38,3,1,0
BRDA:44,4,0,70
BRDA:44,4,1,0
BRDA:50,5,0,70
BRDA:50,5,1,0
BRDA:52,6,0,70
BRDA:52,6,1,0
BRDA:58,7,0,7
BRDA:58,7,1,0
BRDA:62,8,0,7
BRDA:62,8,1,0
BRDA:68,9,0,7
BRDA:68,9,1,0
BRDA:70,10,0,7
BRDA:70,10,1,0
BRF:20
BRH:10
end_of_record
TN:
SF:/Users/benkaufman/Documents/Work/DAOstack/alchemy-monorepo/packages/arc/contracts/schemes/Agreement.sol
FN:12,onlyAgree
FN:21,getAgreementHash
FN:30,setAgreementHash
FNF:3
FNH:3
FNDA:150,onlyAgree
FNDA:7,getAgreementHash
FNDA:118,setAgreementHash
DA:13,150
DA:14,129
DA:23,7
DA:32,118
DA:33,116
LF:5
LH:5
BRDA:13,1,0,129
BRDA:13,1,1,21
BRDA:32,2,0,116
BRDA:32,2,1,2
BRF:4
BRH:4
end_of_record
TN:
SF:/Users/benkaufman/Documents/Work/DAOstack/alchemy-monorepo/packages/arc/contracts/schemes/Auction4Reputation.sol
FN:58,initialize
FN:95,redeem
FN:120,bid
FN:142,transferToWallet
FN:155,getBid
FNF:5
FNH:5
FNDA:28,initialize
FNDA:16,redeem
FNDA:20,bid
FNDA:3,transferToWallet
FNDA:2,getBid
DA:70,28
DA:71,26
DA:72,26
DA:74,24
DA:75,22
DA:76,22
DA:77,22
DA:78,16
DA:79,16
DA:80,16
DA:81,16
DA:82,16
DA:83,16
DA:84,16
DA:85,16
DA:86,16
DA:97,16
DA:98,12
DA:99,12
DA:100,12
DA:101,10
DA:102,10
DA:103,10
DA:105,10
DA:106,10
DA:109,10
DA:123,20
DA:125,18
DA:127,16
DA:128,16
DA:130,16
DA:131,16
DA:132,14
DA:133,14
DA:134,14
DA:135,14
DA:144,3
DA:145,1
DA:146,1
DA:156,2
LF:40
LH:40
BRDA:70,1,0,26
BRDA:70,1,1,2
BRDA:71,2,0,26
BRDA:71,2,1,0
BRDA:72,3,0,24
BRDA:72,3,1,2
BRDA:74,4,0,22
BRDA:74,4,1,2
BRDA:77,5,0,16
BRDA:77,5,1,6
BRDA:97,6,0,12
BRDA:97,6,1,4
BRDA:100,7,0,10
BRDA:100,7,1,2
BRDA:106,8,0,10
BRDA:106,8,1,0
BRDA:123,9,0,18
BRDA:123,9,1,2
BRDA:125,10,0,16
BRDA:125,10,1,2
BRDA:127,11,0,16
BRDA:127,11,1,0
BRDA:131,12,0,14
BRDA:131,12,1,2
BRDA:144,13,0,1
BRDA:144,13,1,2
BRF:26
BRH:23
end_of_record
TN:
SF:/Users/benkaufman/Documents/Work/DAOstack/alchemy-monorepo/packages/arc/contracts/schemes/Competition.sol
FN:90,initialize
FN:119,proposeCompetition
FN:193,suggest
FN:226,vote
FN:261,setSnapshotBlock
FN:275,sendLeftOverFunds
FN:303,redeem
FN:362,getOrderedIndexOfSuggestion
FN:385,refreshTopSuggestions
FNF:9
FNH:9
FNDA:24,initialize
FNDA:28,proposeCompetition
FNDA:74,suggest
FNDA:34,vote
FNDA:32,setSnapshotBlock
FNDA:3,sendLeftOverFunds
FNDA:14,redeem
FNDA:17,getOrderedIndexOfSuggestion
FNDA:26,refreshTopSuggestions
DA:91,24
DA:92,24
DA:93,24
DA:131,28
DA:132,28
DA:133,28
DA:135,0
DA:138,28
DA:139,24
DA:140,22
DA:141,22
DA:142,20
DA:143,20
DA:145,20
DA:146,20
DA:147,20
DA:149,20
DA:150,18
DA:151,18
DA:152,69
DA:154,18
DA:155,16
DA:157,16
DA:158,16
DA:159,16
DA:160,16
DA:161,16
DA:162,16
DA:163,16
DA:164,16
DA:165,16
DA:166,16
DA:167,16
DA:168,16
DA:169,16
DA:170,1
DA:172,16
DA:201,74
DA:202,3
DA:205,72
DA:207,70
DA:208,66
DA:209,66
DA:210,66
DA:211,66
DA:212,65
DA:214,1
DA:216,66
DA:217,66
DA:218,66
DA:230,34
DA:231,34
DA:232,32
DA:233,30
DA:234,30
DA:235,30
DA:236,30
DA:238,30
DA:239,30
DA:240,30
DA:241,28
DA:243,26
DA:244,26
DA:245,3
DA:248,26
DA:249,26
DA:250,26
DA:251,26
DA:252,26
DA:253,26
DA:263,32
DA:264,30
DA:265,30
DA:266,9
DA:267,9
DA:277,3
DA:278,1
DA:279,1
DA:281,1
DA:287,1
DA:289,1
DA:292,1
DA:295,1
DA:304,14
DA:305,14
DA:306,14
DA:307,14
DA:309,14
DA:311,10
DA:312,8
DA:313,8
DA:315,8
DA:316,8
DA:317,8
DA:318,8
DA:319,8
DA:320,8
DA:321,8
DA:323,8
DA:324,8
DA:326,8
DA:327,8
DA:328,8
DA:331,5
DA:332,8
DA:334,5
DA:337,8
DA:338,8
DA:339,8
DA:342,8
DA:343,8
DA:346,8
DA:347,8
DA:350,8
DA:351,8
DA:353,8
DA:366,17
DA:367,17
DA:368,15
DA:370,15
DA:371,45
DA:372,20
DA:386,26
DA:387,26
DA:388,26
DA:389,26
DA:390,24
DA:391,23
DA:392,3
DA:395,21
DA:398,2
DA:399,2
DA:400,8
DA:402,4
DA:405,0
DA:409,2
DA:410,0
LF:137
LH:134
BRDA:91,1,0,24
BRDA:91,1,1,0
BRDA:92,2,0,24
BRDA:92,2,1,0
BRDA:133,3,0,0
BRDA:133,3,1,28
BRDA:138,4,0,24
BRDA:138,4,1,4
BRDA:139,5,0,22
BRDA:139,5,1,2
BRDA:140,6,0,22
BRDA:140,6,1,0
BRDA:141,7,0,20
BRDA:141,7,1,2
BRDA:142,8,0,20
BRDA:142,8,1,0
BRDA:143,9,0,20
BRDA:143,9,1,0
BRDA:145,10,0,20
BRDA:145,10,1,0
BRDA:146,11,0,20
BRDA:146,11,1,0
BRDA:147,12,0,20
BRDA:147,12,1,0
BRDA:149,13,0,18
BRDA:149,13,1,2
BRDA:154,14,0,16
BRDA:154,14,1,2
BRDA:169,15,0,1
BRDA:169,15,1,15
BRDA:201,16,0,3
BRDA:201,16,1,71
BRDA:202,17,0,1
BRDA:202,17,1,2
BRDA:205,18,0,70
BRDA:205,18,1,2
BRDA:207,19,0,66
BRDA:207,19,1,4
BRDA:211,20,0,65
BRDA:211,20,1,1
BRDA:231,21,0,32
BRDA:231,21,1,2
BRDA:235,22,0,30
BRDA:235,22,1,0
BRDA:238,23,0,30
BRDA:238,23,1,0
BRDA:240,24,0,28
BRDA:240,24,1,2
BRDA:241,25,0,26
BRDA:241,25,1,2
BRDA:244,26,0,3
BRDA:244,26,1,23
BRDA:263,27,0,30
BRDA:263,27,1,2
BRDA:264,28,0,30
BRDA:264,28,1,0
BRDA:265,29,0,9
BRDA:265,29,1,21
BRDA:277,30,0,1
BRDA:277,30,1,2
BRDA:278,31,0,1
BRDA:278,31,1,0
BRDA:279,32,0,1
BRDA:279,32,1,0
BRDA:305,33,0,14
BRDA:305,33,1,0
BRDA:307,34,0,14
BRDA:307,34,1,0
BRDA:309,35,0,10
BRDA:309,35,1,4
BRDA:311,36,0,8
BRDA:311,36,1,2
BRDA:312,37,0,8
BRDA:312,37,1,0
BRDA:313,38,0,8
BRDA:313,38,1,0
BRDA:317,39,0,8
BRDA:317,39,1,0
BRDA:328,40,0,5
BRDA:328,40,1,3
BRDA:367,41,0,15
BRDA:367,41,1,2
BRDA:371,42,0,20
BRDA:371,42,1,25
BRDA:389,43,0,24
BRDA:389,43,1,2
BRDA:391,44,0,3
BRDA:391,44,1,20
BRDA:400,45,0,4
BRDA:400,45,1,4
BRDA:403,46,0,0
BRDA:403,46,1,4
BRDA:409,47,0,0
BRDA:409,47,1,2
BRF:94
BRH:73
end_of_record
TN:
SF:/Users/benkaufman/Documents/Work/DAOstack/alchemy-monorepo/packages/arc/contracts/schemes/ContinuousLocking4Reputation.sol
FN:84,initialize
FN:128,redeem
FN:168,lock
FN:216,extendLocking
FN:248,release
FN:268,getRepRewardPerBatch
FN:281,getLockingIdScore
FN:288,mul
FN:299,toReal
FN:306,fromReal
FN:313,div
FNF:11
FNH:11
FNDA:35,initialize
FNDA:16,redeem
FNDA:27,lock
FNDA:13,extendLocking
FNDA:12,release
FNDA:146,getRepRewardPerBatch
FNDA:2,getLockingIdScore
FNDA:289,mul
FNDA:313,toReal
FNDA:158,fromReal
FNDA:144,div
DA:98,35
DA:99,33
DA:101,33
DA:102,31
DA:104,31
DA:106,29
DA:107,27
DA:108,27
DA:109,27
DA:110,27
DA:111,27
DA:112,27
DA:113,27
DA:114,27
DA:115,27
DA:116,25
DA:117,25
DA:118,25
DA:119,25
DA:130,16
DA:131,14
DA:132,14
DA:133,14
DA:135,14
DA:136,14
DA:137,14
DA:138,149
DA:139,149
DA:140,149
DA:141,144
DA:142,144
DA:143,144
DA:144,144
DA:145,144
DA:146,144
DA:149,14
DA:150,14
DA:152,12
DA:153,12
DA:171,27
DA:173,23
DA:174,23
DA:175,23
DA:176,23
DA:178,21
DA:179,21
DA:181,21
DA:182,21
DA:183,21
DA:185,21
DA:187,21
DA:189,21
DA:190,21
DA:193,19
DA:194,107
DA:195,107
DA:196,107
DA:197,107
DA:200,19
DA:201,19
DA:218,13
DA:219,13
DA:221,11
DA:223,11
DA:224,11
DA:225,9
DA:226,9
DA:229,9
DA:230,9
DA:232,9
DA:233,100
DA:234,100
DA:235,100
DA:236,100
DA:238,9
DA:239,9
DA:249,12
DA:250,12
DA:251,10
DA:252,10
DA:254,10
DA:256,4
DA:257,4
DA:258,4
DA:269,146
DA:270,145
DA:282,2
DA:291,289
DA:292,289
DA:293,289
DA:300,313
DA:307,158
DA:316,144
LF:93
LH:93
BRDA:98,1,0,33
BRDA:98,1,1,2
BRDA:99,2,0,33
BRDA:99,2,1,0
BRDA:101,3,0,31
BRDA:101,3,1,2
BRDA:102,4,0,31
BRDA:102,4,1,0
BRDA:104,5,0,29
BRDA:104,5,1,2
BRDA:106,6,0,27
BRDA:106,6,1,2
BRDA:114,7,0,27
BRDA:114,7,1,0
BRDA:115,8,0,25
BRDA:115,8,1,2
BRDA:130,9,0,14
BRDA:130,9,1,2
BRDA:132,10,0,14
BRDA:132,10,1,0
BRDA:140,11,0,144
BRDA:140,11,1,5
BRDA:150,12,0,12
BRDA:150,12,1,2
BRDA:153,13,0,12
BRDA:153,13,1,0
BRDA:171,14,0,23
BRDA:171,14,1,4
BRDA:173,15,0,23
BRDA:173,15,1,0
BRDA:174,16,0,23
BRDA:174,16,1,0
BRDA:175,17,0,23
BRDA:175,17,1,0
BRDA:176,18,0,21
BRDA:176,18,1,2
BRDA:190,19,0,19
BRDA:190,19,1,2
BRDA:219,20,0,11
BRDA:219,20,1,2
BRDA:224,21,0,9
BRDA:224,21,1,2
BRDA:225,22,0,9
BRDA:225,22,1,0
BRDA:226,23,0,9
BRDA:226,23,1,0
BRDA:230,24,0,9
BRDA:230,24,1,0
BRDA:250,25,0,10
BRDA:250,25,1,2
BRDA:254,26,0,4
BRDA:254,26,1,6
BRDA:269,27,0,145
BRDA:269,27,1,1
BRDA:292,28,0,289
BRDA:292,28,1,0
BRF:56
BRH:44
end_of_record
TN:
SF:/Users/benkaufman/Documents/Work/DAOstack/alchemy-monorepo/packages/arc/contracts/schemes/ContributionRewardExt.sol
FN:71,onlyRewarder
FN:86,
FN:97,initialize
FN:121,executeProposal
FN:144,proposeContributionReward
FN:206,redeemReputation
FN:243,redeemNativeToken
FN:268,redeemEther
FN:291,redeemExternalToken
FN:323,redeemReputationByRewarder
FN:348,redeemNativeTokenByRewarder
FN:372,redeemEtherByRewarder
FN:395,redeemExternalTokenByRewarder
FN:422,redeem
FN:444,getProposalEthReward
FN:448,getProposalExternalTokenReward
FN:452,getProposalExternalToken
FN:456,getProposalReputationReward
FN:460,getProposalNativeTokenReward
FN:464,getProposalAcceptedByVotingMachine
FNF:20
FNH:18
FNDA:59,onlyRewarder
FNDA:6,
FNDA:45,initialize
FNDA:19,executeProposal
FNDA:35,proposeContributionReward
FNDA:16,redeemReputation
FNDA:11,redeemNativeToken
FNDA:11,redeemEther
FNDA:7,redeemExternalToken
FNDA:12,redeemReputationByRewarder
FNDA:13,redeemNativeTokenByRewarder
FNDA:13,redeemEtherByRewarder
FNDA:13,redeemExternalTokenByRewarder
FNDA:19,redeem
FNDA:4,getProposalEthReward
FNDA:4,getProposalExternalTokenReward
FNDA:4,getProposalExternalToken
FNDA:0,getProposalReputationReward
FNDA:0,getProposalNativeTokenReward
FNDA:6,getProposalAcceptedByVotingMachine
DA:72,59
DA:73,51
DA:105,45
DA:106,43
DA:107,43
DA:108,43
DA:109,43
DA:110,43
DA:111,43
DA:123,19
DA:124,19
DA:125,19
DA:126,16
DA:128,19
DA:129,19
DA:155,35
DA:156,35
DA:157,19
DA:159,35
DA:160,35
DA:161,35
DA:162,1
DA:164,35
DA:165,20
DA:168,33
DA:181,33
DA:183,33
DA:195,33
DA:207,16
DA:208,16
DA:213,14
DA:214,6
DA:215,6
DA:216,6
DA:219,8
DA:221,8
DA:223,8
DA:224,6
DA:228,1
DA:232,8
DA:233,7
DA:245,11
DA:246,11
DA:248,11
DA:250,6
DA:251,6
DA:254,11
DA:256,11
DA:257,11
DA:258,11
DA:259,11
DA:269,11
DA:270,11
DA:272,11
DA:273,6
DA:274,6
DA:277,11
DA:279,11
DA:280,11
DA:281,11
DA:282,11
DA:292,7
DA:293,7
DA:296,7
DA:297,6
DA:298,6
DA:302,7
DA:303,7
DA:305,7
DA:306,7
DA:310,7
DA:325,12
DA:326,12
DA:329,12
DA:332,10
DA:335,10
DA:336,10
DA:350,13
DA:351,13
DA:354,13
DA:358,11
DA:359,11
DA:360,11
DA:374,13
DA:375,13
DA:378,13
DA:381,11
DA:382,11
DA:383,11
DA:396,13
DA:397,13
DA:400,13
DA:404,11
DA:405,11
DA:406,11
DA:407,11
DA:427,19
DA:428,16
DA:431,17
DA:432,11
DA:435,17
DA:436,11
DA:439,17
DA:440,7
DA:445,4
DA:449,4
DA:453,4
DA:457,0
DA:461,0
DA:465,6
LF:110
LH:108
BRDA:72,1,0,51
BRDA:72,1,1,8
BRDA:105,2,0,43
BRDA:105,2,1,2
BRDA:106,3,0,43
BRDA:106,3,1,0
BRDA:107,4,0,43
BRDA:107,4,1,0
BRDA:123,5,0,19
BRDA:123,5,1,0
BRDA:124,6,0,19
BRDA:124,6,1,0
BRDA:125,7,0,16
BRDA:125,7,1,3
BRDA:156,8,0,19
BRDA:156,8,1,16
BRDA:161,9,0,1
BRDA:161,9,1,34
BRDA:164,10,0,20
BRDA:164,10,1,15
BRDA:165,11,0,18
BRDA:165,11,1,2
BRDA:208,12,0,14
BRDA:208,12,1,2
BRDA:213,13,0,6
BRDA:213,13,1,8
BRDA:214,14,0,6
BRDA:214,14,1,0
BRDA:223,15,0,6
BRDA:223,15,1,2
BRDA:224,16,0,6
BRDA:224,16,1,0
BRDA:227,17,0,1
BRDA:227,17,1,1
BRDA:228,18,0,1
BRDA:228,18,1,0
BRDA:232,19,0,7
BRDA:232,19,1,1
BRDA:246,20,0,11
BRDA:246,20,1,0
BRDA:248,21,0,6
BRDA:248,21,1,5
BRDA:250,22,0,6
BRDA:250,22,1,0
BRDA:257,23,0,11
BRDA:257,23,1,0
BRDA:258,24,0,11
BRDA:258,24,1,0
BRDA:270,25,0,11
BRDA:270,25,1,0
BRDA:272,26,0,6
BRDA:272,26,1,5
BRDA:273,27,0,6
BRDA:273,27,1,0
BRDA:280,28,0,11
BRDA:280,28,1,0
BRDA:281,29,0,11
BRDA:281,29,1,0
BRDA:293,30,0,7
BRDA:293,30,1,0
BRDA:296,31,0,6
BRDA:296,31,1,1
BRDA:297,32,0,6
BRDA:297,32,1,0
BRDA:302,33,0,7
BRDA:302,33,1,0
BRDA:306,34,0,7
BRDA:306,34,1,0
BRDA:326,35,0,12
BRDA:326,35,1,0
BRDA:332,36,0,10
BRDA:332,36,1,0
BRDA:335,37,0,10
BRDA:335,37,1,0
BRDA:351,38,0,13
BRDA:351,38,1,0
BRDA:358,39,0,11
BRDA:358,39,1,0
BRDA:375,40,0,13
BRDA:375,40,1,0
BRDA:381,41,0,11
BRDA:381,41,1,0
BRDA:397,42,0,13
BRDA:397,42,1,0
BRDA:404,43,0,11
BRDA:404,43,1,0
BRDA:405,44,0,11
BRDA:405,44,1,0
BRDA:427,45,0,16
BRDA:427,45,1,3
BRDA:431,46,0,11
BRDA:431,46,1,6
BRDA:435,47,0,11
BRDA:435,47,1,6
BRDA:439,48,0,7
BRDA:439,48,1,10
BRF:96
BRH:67
end_of_record
TN:
SF:/Users/benkaufman/Documents/Work/DAOstack/alchemy-monorepo/packages/arc/contracts/schemes/CurveInterface.sol
FNF:0
FNH:0
LF:0
LH:0
BRF:0
BRH:0
end_of_record
TN:
SF:/Users/benkaufman/Documents/Work/DAOstack/alchemy-monorepo/packages/arc/contracts/schemes/DxDaoSchemeConstraints.sol
FN:44,initialize
FN:79,updateContractsWhitelist
FN:98,updatePeriodLimitsTokens
FN:116,updatePeriodLimitWei
FN:132,isAllowedToCall
FN:186,isAllowedToPropose
FN:212,observationIndex
FNF:7
FNH:7
FNDA:41,initialize
FNDA:11,updateContractsWhitelist
FNDA:7,updatePeriodLimitsTokens
FNDA:3,updatePeriodLimitWei
FNDA:23,isAllowedToCall
FNDA:22,isAllowedToPropose
FNDA:37,observationIndex
DA:54,41
DA:55,39
DA:56,37
DA:58,35
DA:59,33
DA:60,33
DA:61,33
DA:63,33
DA:64,33
DA:65,44
DA:67,33
DA:68,27
DA:70,33
DA:71,33
DA:84,11
DA:85,7
DA:87,5
DA:88,5
DA:90,5
DA:103,7
DA:104,3
DA:106,1
DA:107,1
DA:109,1
DA:117,3
DA:118,1
DA:119,1
DA:141,23
DA:142,21
DA:143,21
DA:144,21
DA:145,34
DA:147,32
DA:148,32
DA:150,32
DA:154,7
DA:155,7
DA:156,7
DA:158,7
DA:162,7
DA:163,5
DA:165,5
DA:171,15
DA:173,15
DA:174,11
DA:194,22
DA:195,32
DA:196,30
DA:197,30
DA:201,6
DA:203,6
DA:206,6
DA:209,18
DA:214,37
LF:54
LH:54
BRDA:54,1,0,39
BRDA:54,1,1,2
BRDA:55,2,0,37
BRDA:55,2,1,2
BRDA:56,3,0,35
BRDA:56,3,1,2
BRDA:58,4,0,33
BRDA:58,4,1,2
BRDA:84,5,0,7
BRDA:84,5,1,4
BRDA:85,6,0,5
BRDA:85,6,1,2
BRDA:103,7,0,3
BRDA:103,7,1,4
BRDA:104,8,0,1
BRDA:104,8,1,2
BRDA:117,9,0,1
BRDA:117,9,1,2
BRDA:141,10,0,21
BRDA:141,10,1,2
BRDA:145,11,0,32
BRDA:145,11,1,2
BRDA:150,12,0,7
BRDA:150,12,1,25
BRDA:162,13,0,5
BRDA:162,13,1,2
BRDA:165,14,0,3
BRDA:165,14,1,2
BRDA:173,15,0,11
BRDA:173,15,1,4
BRDA:195,16,0,30
BRDA:195,16,1,2
BRDA:197,17,0,6
BRDA:197,17,1,24
BRDA:206,18,0,4
BRDA:206,18,1,2
BRF:36
BRH:36
end_of_record
TN:
SF:/Users/benkaufman/Documents/Work/DAOstack/alchemy-monorepo/packages/arc/contracts/schemes/ExternalLocking4Reputation.sol
FN:35,initialize
FN:65,claim
FN:92,register
FNF:3
FNH:3
FNDA:23,initialize
FNDA:24,claim
FNDA:1,register
DA:46,23
DA:47,23
DA:48,23
DA:49,23
DA:66,24
DA:67,22
DA:68,22
DA:69,19
DA:71,3
DA:72,1
DA:74,20
DA:75,18
DA:76,18
DA:79,18
DA:80,18
DA:82,18
DA:85,18
DA:93,1
DA:94,1
LF:19
LH:19
BRDA:46,1,0,23
BRDA:46,1,1,0
BRDA:66,2,0,22
BRDA:66,2,1,2
BRDA:68,3,0,19
BRDA:68,3,1,3
BRDA:71,4,0,1
BRDA:71,4,1,2
BRDA:74,5,0,18
BRDA:74,5,1,2
BRDA:79,6,0,18
BRDA:79,6,1,0
BRF:12
BRH:10
end_of_record
TN:
SF:/Users/benkaufman/Documents/Work/DAOstack/alchemy-monorepo/packages/arc/contracts/schemes/FixedReputationAllocation.sol
FN:34,initialize
FN:47,redeem
FN:67,addBeneficiary
FN:82,addBeneficiaries
FN:91,enable
FNF:5
FNH:5
FNDA:14,initialize
FNDA:51,redeem
FNDA:123,addBeneficiary
FNDA:6,addBeneficiaries
FNDA:5,enable
DA:35,14
DA:36,12
DA:37,12
DA:38,12
DA:39,12
DA:48,51
DA:49,49
DA:50,45
DA:52,45
DA:53,43
DA:58,41
DA:60,41
DA:68,123
DA:70,123
DA:71,123
DA:72,123
DA:74,123
DA:83,6
DA:84,120
DA:92,5
DA:94,5
LF:21
LH:21
BRDA:35,1,0,12
BRDA:35,1,1,2
BRDA:36,2,0,12
BRDA:36,2,1,0
BRDA:48,3,0,49
BRDA:48,3,1,2
BRDA:49,4,0,45
BRDA:49,4,1,4
BRDA:52,5,0,43
BRDA:52,5,1,2
BRDA:53,6,0,41
BRDA:53,6,1,2
BRDA:68,7,0,123
BRDA:68,7,1,0
BRDA:70,8,0,123
BRDA:70,8,1,0
BRF:16
BRH:13
end_of_record
TN:
SF:/Users/benkaufman/Documents/Work/DAOstack/alchemy-monorepo/packages/arc/contracts/schemes/Forwarder.sol
FN:21,
FN:34,initialize
FN:45,unregisterSelf
FNF:3
FNH:3
FNDA:2,
FNDA:12,initialize
FNDA:3,unregisterSelf
DA:23,2
DA:25,1
DA:26,1
DA:35,12
DA:36,10
DA:37,10
DA:38,10
DA:47,3
DA:48,1
LF:9
LH:9
BRDA:23,1,0,1
BRDA:23,1,1,1
BRDA:26,2,0,1
BRDA:26,2,1,0
BRDA:35,3,0,10
BRDA:35,3,1,2
BRDA:36,4,0,10
BRDA:36,4,1,0
BRDA:47,5,0,1
BRDA:47,5,1,2
BRF:10
BRH:8
end_of_record
TN:
SF:/Users/benkaufman/Documents/Work/DAOstack/alchemy-monorepo/packages/arc/contracts/schemes/GenericScheme.sol
FN:58,initialize
FN:82,executeProposal
FN:104,execute
FN:131,proposeCall
FNF:4
FNH:4
FNDA:13,initialize
FNDA:8,executeProposal
FNDA:15,execute
FNDA:10,proposeCall
DA:66,13
DA:67,11
DA:68,11
DA:69,11
DA:70,11
DA:71,11
DA:84,8
DA:85,8
DA:86,8
DA:88,8
DA:89,6
DA:90,6
DA:92,2
DA:93,2
DA:96,8
DA:97,8
DA:105,15
DA:106,15
DA:107,13
DA:108,11
DA:109,11
DA:110,11
DA:111,11
DA:112,11
DA:114,11
DA:115,6
DA:116,6
DA:117,6
DA:119,5
DA:135,10
DA:137,10
DA:143,10
DA:147,10
DA:148,10
LF:34
LH:34
BRDA:66,1,0,11
BRDA:66,1,1,2
BRDA:67,2,0,11
BRDA:67,2,1,0
BRDA:85,3,0,8
BRDA:85,3,1,0
BRDA:86,4,0,8
BRDA:86,4,1,0
BRDA:88,5,0,6
BRDA:88,5,1,2
BRDA:106,6,0,13
BRDA:106,6,1,2
BRDA:107,7,0,11
BRDA:107,7,1,2
BRDA:114,8,0,6
BRDA:114,8,1,5
BRF:16
BRH:13
end_of_record
TN:
SF:/Users/benkaufman/Documents/Work/DAOstack/alchemy-monorepo/packages/arc/contracts/schemes/GenericSchemeMultiCall.sol
FN:69,initialize
FN:93,executeProposal
FN:114,execute
FN:163,proposeCalls
FNF:4
FNH:4
FNDA:44,initialize
FNDA:18,executeProposal
FNDA:28,execute
FNDA:39,proposeCalls
DA:77,44
DA:78,42
DA:79,40
DA:80,40
DA:81,40
DA:82,40
DA:95,18
DA:96,18
DA:97,18
DA:99,18
DA:100,16
DA:102,2
DA:103,2
DA:106,18
DA:107,18
DA:115,28
DA:116,28
DA:117,26
DA:118,24
DA:119,23
DA:127,14
DA:128,14
DA:129,14
DA:130,14
DA:131,14
DA:132,25
DA:133,25
DA:136,25
DA:137,21
DA:146,10
DA:147,10
DA:148,10
DA:172,39
DA:176,31
DA:177,29
DA:186,23
DA:188,23
DA:195,23
DA:200,23
LF:39
LH:39
BRDA:77,1,0,42
BRDA:77,1,1,2
BRDA:78,2,0,40
BRDA:78,2,1,2
BRDA:96,3,0,18
BRDA:96,3,1,0
BRDA:97,4,0,18
BRDA:97,4,1,0
BRDA:99,5,0,16
BRDA:99,5,1,2
BRDA:116,6,0,26
BRDA:116,6,1,2
BRDA:117,7,0,24
BRDA:117,7,1,2
BRDA:118,8,0,23
BRDA:118,8,1,1
BRDA:119,9,0,13
BRDA:119,9,1,10
BRDA:136,10,0,21
BRDA:136,10,1,4
BRDA:172,11,0,31
BRDA:172,11,1,8
BRDA:176,12,0,29
BRDA:176,12,1,2
BRDA:177,13,0,21
BRDA:177,13,1,8
BRF:26
BRH:24
end_of_record
TN:
SF:/Users/benkaufman/Documents/Work/DAOstack/alchemy-monorepo/packages/arc/contracts/schemes/Locking4Reputation.sol
FN:45,redeem
FN:70,_release
FN:99,_lock
FN:142,_initialize
FNF:4
FNH:4
FNDA:37,redeem
FNDA:13,_release
FNDA:63,_lock
FNDA:74,_initialize
DA:47,37
DA:48,25
DA:49,19
DA:50,19
DA:51,19
DA:52,19
DA:55,19
DA:56,19
DA:61,19
DA:71,13
DA:72,13
DA:73,9
DA:74,9
DA:76,9
DA:77,5
DA:79,5
DA:102,63
DA:103,57
DA:104,53
DA:106,47
DA:108,41
DA:110,37
DA:111,37
DA:113,37
DA:114,37
DA:116,37
DA:117,37
DA:118,37
DA:119,37
DA:120,37
DA:121,37
DA:123,37
DA:125,37
DA:127,37
DA:152,74
DA:153,68
DA:154,68
DA:155,68
DA:157,62
DA:158,62
DA:159,62
DA:160,62
DA:161,62
DA:162,62
DA:163,62
DA:164,62
LF:46
LH:46
BRDA:47,1,0,25
BRDA:47,1,1,12
BRDA:48,2,0,19
BRDA:48,2,1,6
BRDA:56,3,0,19
BRDA:56,3,1,0
BRDA:72,4,0,9
BRDA:72,4,1,4
BRDA:76,5,0,5
BRDA:76,5,1,4
BRDA:102,6,0,57
BRDA:102,6,1,6
BRDA:103,7,0,53
BRDA:103,7,1,4
BRDA:104,8,0,47
BRDA:104,8,1,6
BRDA:106,9,0,41
BRDA:106,9,1,6
BRDA:108,10,0,37
BRDA:108,10,1,4
BRDA:120,11,0,37
BRDA:120,11,1,0
BRDA:123,12,0,37
BRDA:123,12,1,0
BRDA:152,13,0,68
BRDA:152,13,1,6
BRDA:153,14,0,68
BRDA:153,14,1,0
BRDA:154,15,0,68
BRDA:154,15,1,0
BRDA:155,16,0,62
BRDA:155,16,1,6
BRF:32
BRH:27
end_of_record
TN:
SF:/Users/benkaufman/Documents/Work/DAOstack/alchemy-monorepo/packages/arc/contracts/schemes/LockingEth4Reputation.sol
FN:23,initialize
FN:49,release
FN:61,lock
FNF:3
FNH:3
FNDA:24,initialize
FNDA:7,release
FNDA:28,lock
DA:33,24
DA:50,7
DA:51,3
DA:53,3
DA:62,28
LF:5
LH:5
BRF:0
BRH:0
end_of_record
TN:
SF:/Users/benkaufman/Documents/Work/DAOstack/alchemy-monorepo/packages/arc/contracts/schemes/LockingToken4Reputation.sol
FN:35,initialize
FN:63,release
FN:77,lock
FNF:3
FNH:3
FNDA:27,initialize
FNDA:6,release
FNDA:31,lock
DA:46,27
DA:47,27
DA:64,6
DA:65,2
DA:67,2
DA:83,31
DA:84,31
DA:86,31
DA:88,29
DA:89,27
DA:91,25
DA:93,25
DA:95,13
DA:97,13
LF:14
LH:14
BRDA:88,1,0,27
BRDA:88,1,1,2
BRDA:89,2,0,25
BRDA:89,2,1,2
BRF:4
BRH:4
end_of_record
TN:
SF:/Users/benkaufman/Documents/Work/DAOstack/alchemy-monorepo/packages/arc/contracts/schemes/PriceOracleInterface.sol
FNF:0
FNH:0
LF:0
LH:0
BRF:0
BRH:0
end_of_record
TN:
SF:/Users/benkaufman/Documents/Work/DAOstack/alchemy-monorepo/packages/arc/contracts/schemes/RageQuitWithToken.sol
FN:29,initialize
FN:46,rageQuit
FNF:2
FNH:2
FNDA:2,initialize
FNDA:3,rageQuit
DA:35,2
DA:36,2
DA:37,2
DA:38,2
DA:47,3
DA:48,3
DA:49,3
DA:51,3
DA:52,1
DA:55,1
LF:10
LH:10
BRDA:35,1,0,2
BRDA:35,1,1,0
BRDA:36,2,0,2
BRDA:36,2,1,0
BRDA:52,3,0,1
BRDA:52,3,1,0
BRF:6
BRH:3
end_of_record
TN:
SF:/Users/benkaufman/Documents/Work/DAOstack/alchemy-monorepo/packages/arc/contracts/schemes/ReputationAdmin.sol
FN:32,initialize
FN:48,reputationMint
FN:60,reputationBurn
FN:72,_reputationMint
FN:93,_reputationBurn
FNF:5
FNH:5
FNDA:17,initialize
FNDA:13,reputationMint
FNDA:5,reputationBurn
FNDA:11,_reputationMint
FNDA:3,_reputationBurn
DA:33,17
DA:34,15
DA:35,13
DA:36,11
DA:37,11
DA:38,11
DA:39,11
DA:40,11
DA:49,13
DA:50,11
DA:51,11
DA:61,5
DA:62,3
DA:63,3
DA:74,11
DA:76,9
DA:78,5
DA:79,4
DA:82,3
DA:95,3
DA:97,3
DA:99,3
DA:100,3
DA:101,1
DA:104,1
LF:25
LH:25
BRDA:33,1,0,15
BRDA:33,1,1,2
BRDA:34,2,0,13
BRDA:34,2,1,2
BRDA:35,3,0,11
BRDA:35,3,1,2
BRDA:49,4,0,11
BRDA:49,4,1,2
BRDA:61,5,0,3
BRDA:61,5,1,2
BRDA:74,6,0,9
BRDA:74,6,1,2
BRDA:76,7,0,5
BRDA:76,7,1,4
BRDA:78,8,0,4
BRDA:78,8,1,1
BRDA:82,9,0,3
BRDA:82,9,1,0
BRDA:95,10,0,3
BRDA:95,10,1,0
BRDA:97,11,0,3
BRDA:97,11,1,0
BRDA:99,12,0,3
BRDA:99,12,1,0
BRDA:100,13,0,1
BRDA:100,13,1,2
BRDA:104,14,0,1
BRDA:104,14,1,0
BRF:28
BRH:23
end_of_record
TN:
SF:/Users/benkaufman/Documents/Work/DAOstack/alchemy-monorepo/packages/arc/contracts/schemes/ReputationFromToken.sol
FN:42,initialize
FN:58,redeem
FN:71,redeemWithSignature
FN:114,_redeem
FNF:4
FNH:4
FNDA:12,initialize
FNDA:5,redeem
FNDA:1,redeemWithSignature
FNDA:4,_redeem
DA:44,12
DA:45,10
DA:46,10
DA:47,10
DA:48,10
DA:49,10
DA:59,5
DA:81,1
DA:82,1
DA:83,0
DA:94,1
DA:101,1
DA:102,1
DA:103,1
DA:116,4
DA:117,4
DA:118,4
DA:119,4
DA:120,4
DA:121,3
DA:123,4
DA:124,1
DA:126,4
DA:130,4
DA:131,4
LF:25
LH:24
BRDA:44,1,0,10
BRDA:44,1,1,2
BRDA:45,2,0,10
BRDA:45,2,1,0
BRDA:82,3,0,0
BRDA:82,3,1,1
BRDA:102,4,0,1
BRDA:102,4,1,0
BRDA:116,5,0,4
BRDA:116,5,1,0
BRDA:117,6,0,4
BRDA:117,6,1,0
BRDA:120,7,0,3
BRDA:120,7,1,1
BRDA:123,8,0,1
BRDA:123,8,1,3
BRDA:126,9,0,4
BRDA:126,9,1,0
BRF:18
BRH:12
end_of_record
TN:
SF:/Users/benkaufman/Documents/Work/DAOstack/alchemy-monorepo/packages/arc/contracts/schemes/SchemeConstraints.sol
FN:43,getContractsWhiteList
FNF:1
FNH:1
FNDA:2,getContractsWhiteList
DA:44,2
LF:1
LH:1
BRF:0
BRH:0
end_of_record
TN:
SF:/Users/benkaufman/Documents/Work/DAOstack/alchemy-monorepo/packages/arc/contracts/schemes/SignalScheme.sol
FN:52,initialize
FN:71,proposeSignal
FN:108,executeProposal
FNF:3
FNH:3
FNDA:6,initialize
FNDA:3,proposeSignal
FNDA:2,executeProposal
DA:57,6
DA:58,4
DA:59,4
DA:77,3
DA:80,3
DA:87,3
DA:89,3
DA:96,3
DA:100,3
DA:109,2
DA:110,2
DA:112,2
DA:113,1
DA:118,2
LF:14
LH:14
BRDA:57,1,0,4
BRDA:57,1,1,2
BRDA:58,2,0,4
BRDA:58,2,1,0
BRDA:77,3,0,3
BRDA:77,3,1,0
BRDA:109,4,0,2
BRDA:109,4,1,0
BRDA:112,5,0,1
BRDA:112,5,1,1
BRF:10
BRH:7
end_of_record
TN:
SF:/Users/benkaufman/Documents/Work/DAOstack/alchemy-monorepo/packages/arc/contracts/schemes/SimpleSchemeConstraints.sol
FN:18,initialize
FN:40,isAllowedToCall
FN:64,isAllowedToPropose
FNF:3
FNH:3
FNDA:9,initialize
FNDA:5,isAllowedToCall
FNDA:10,isAllowedToPropose
DA:24,9
DA:25,7
DA:26,7
DA:27,10
DA:29,7
DA:30,7
DA:31,7
DA:49,5
DA:50,7
DA:51,5
DA:52,2
DA:55,3
DA:72,10
DA:73,12
DA:74,8
DA:75,4
DA:78,4
LF:17
LH:17
BRDA:24,1,0,7
BRDA:24,1,1,2
BRDA:50,2,0,5
BRDA:50,2,1,2
BRDA:51,3,0,2
BRDA:51,3,1,3
BRDA:52,4,0,2
BRDA:52,4,1,0
BRDA:73,5,0,8
BRDA:73,5,1,4
BRDA:74,6,0,4
BRDA:74,6,1,4
BRDA:75,7,0,2
BRDA:75,7,1,2
BRF:14
BRH:13
end_of_record
TN:
SF:/Users/benkaufman/Documents/Work/DAOstack/alchemy-monorepo/packages/arc/contracts/schemes/TransitionScheme.sol
FN:29,initialize
FN:51,transferAssets
FN:73,sendEther
FN:84,sendExternalToken
FNF:4
FNH:4
FNDA:13,initialize
FNDA:2,transferAssets
FNDA:2,sendEther
FNDA:3,sendExternalToken
DA:36,13
DA:37,11
DA:38,9
DA:39,7
DA:40,7
DA:41,7
DA:42,7
DA:43,7
DA:44,7
DA:52,2
DA:53,101
DA:54,101
DA:55,101
DA:56,101
DA:63,101
DA:64,101
DA:74,2
DA:85,3
DA:86,1
DA:87,1
DA:88,1
LF:21
LH:21
BRDA:36,1,0,11
BRDA:36,1,1,2
BRDA:37,2,0,9
BRDA:37,2,1,2
BRDA:38,3,0,7
BRDA:38,3,1,2
BRDA:39,4,0,7
BRDA:39,4,1,0
BRDA:63,5,0,101
BRDA:63,5,1,0
BRDA:74,6,0,2
BRDA:74,6,1,0
BRDA:85,7,0,1
BRDA:85,7,1,2
BRDA:87,8,0,1
BRDA:87,8,1,0
BRDA:88,9,0,1
BRDA:88,9,1,0
BRF:18
BRH:13
end_of_record
TN:
SF:/Users/benkaufman/Documents/Work/DAOstack/alchemy-monorepo/packages/arc/contracts/universalSchemes/ContributionReward.sol
FN:82,executeProposal
FN:100,setParameters
FN:128,proposeContributionReward
FN:192,redeemReputation
FN:227,redeemNativeToken
FN:254,redeemEther
FN:281,redeemExternalToken
FN:317,redeem
FN:351,getPeriodsToPay
FN:381,getRedeemedPeriods
FN:388,getProposalEthReward
FN:392,getProposalExternalTokenReward
FN:396,getProposalExternalToken
FN:400,getProposalExecutionTime
FN:410,getParametersHash
FN:430,validateProposalParams
FNF:16
FNH:16
FNDA:14,executeProposal
FNDA:19,setParameters
FNDA:27,proposeContributionReward
FNDA:10,redeemReputation
FNDA:5,redeemNativeToken
FNDA:13,redeemEther
FNDA:1,redeemExternalToken
FNDA:21,redeem
FNDA:75,getPeriodsToPay
FNDA:40,getRedeemedPeriods
FNDA:4,getProposalEthReward
FNDA:4,getProposalExternalTokenReward
FNDA:4,getProposalExternalToken
FNDA:6,getProposalExecutionTime
FNDA:38,getParametersHash
FNDA:27,validateProposalParams
DA:83,14
DA:84,14
DA:86,14
DA:89,14
DA:91,11
DA:93,14
DA:94,14
DA:105,19
DA:109,19
DA:110,19
DA:111,19
DA:139,27
DA:140,17
DA:142,17
DA:149,17
DA:150,17
DA:151,1
DA:154,17
DA:166,17
DA:168,17
DA:179,17
DA:183,17
DA:194,10
DA:195,10
DA:196,10
DA:197,8
DA:200,8
DA:201,8
DA:202,8
DA:203,6
DA:208,1
DA:213,8
DA:214,7
DA:215,7
DA:218,8
DA:229,5
DA:230,5
DA:231,5
DA:232,5
DA:234,5
DA:236,5
DA:237,5
DA:238,5
DA:240,5
DA:241,5
DA:245,5
DA:256,13
DA:257,13
DA:258,13
DA:259,13
DA:261,13
DA:262,13
DA:264,13
DA:265,11
DA:267,9
DA:268,9
DA:272,11
DA:283,1
DA:284,1
DA:285,1
DA:286,1
DA:288,1
DA:290,1
DA:291,1
DA:292,1
DA:293,1
DA:298,1
DA:299,1
DA:303,1
DA:322,21
DA:323,10
DA:326,19
DA:327,5
DA:330,19
DA:331,13
DA:334,17
DA:335,1
DA:352,75
DA:353,75
DA:354,75
DA:355,8
DA:356,67
DA:357,67
DA:359,55
DA:361,67
DA:362,67
DA:363,47
DA:365,20
DA:367,67
DA:385,40
DA:389,4
DA:393,4
DA:397,4
DA:401,6
DA:415,38
DA:431,27
DA:432,25
DA:434,22
DA:437,22
DA:440,20
DA:443,18
DA:446,16
LF:102
LH:102
BRDA:84,1,0,14
BRDA:84,1,1,0
BRDA:86,2,0,14
BRDA:86,2,1,0
BRDA:89,3,0,11
BRDA:89,3,1,3
BRDA:150,4,0,1
BRDA:150,4,1,16
BRDA:196,5,0,8
BRDA:196,5,1,2
BRDA:202,6,0,6
BRDA:202,6,1,2
BRDA:203,7,0,6
BRDA:203,7,1,0
BRDA:207,8,0,1
BRDA:207,8,1,1
BRDA:208,9,0,1
BRDA:208,9,1,0
BRDA:213,10,0,7
BRDA:213,10,1,1
BRDA:231,11,0,5
BRDA:231,11,1,0
BRDA:237,12,0,5
BRDA:237,12,1,0
BRDA:238,13,0,5
BRDA:238,13,1,0
BRDA:258,14,0,13
BRDA:258,14,1,0
BRDA:264,15,0,11
BRDA:264,15,1,2
BRDA:265,16,0,9
BRDA:265,16,1,2
BRDA:285,17,0,1
BRDA:285,17,1,0
BRDA:290,18,0,1
BRDA:290,18,1,0
BRDA:292,19,0,1
BRDA:292,19,1,0
BRDA:293,20,0,1
BRDA:293,20,1,0
BRDA:322,21,0,10
BRDA:322,21,1,11
BRDA:326,22,0,5
BRDA:326,22,1,14
BRDA:330,23,0,13
BRDA:330,23,1,6
BRDA:334,24,0,1
BRDA:334,24,1,16
BRDA:352,25,0,75
BRDA:352,25,1,0
BRDA:354,26,0,8
BRDA:354,26,1,67
BRDA:357,27,0,55
BRDA:357,27,1,12
BRDA:362,28,0,47
BRDA:362,28,1,20
BRDA:431,29,0,25
BRDA:431,29,1,2
BRDA:432,30,0,22
BRDA:432,30,1,3
BRDA:434,31,0,22
BRDA:434,31,1,0
BRDA:437,32,0,20
BRDA:437,32,1,2
BRDA:440,33,0,18
BRDA:440,33,1,2
BRDA:443,34,0,16
BRDA:443,34,1,2
BRDA:446,35,0,14
BRDA:446,35,1,2
BRF:70
BRH:56
end_of_record
TN:
SF:/Users/benkaufman/Documents/Work/DAOstack/alchemy-monorepo/packages/arc/contracts/universalSchemes/DaoCreator.sol
FN:13,create
FN:34,constructor
FN:52,addFounders
FN:93,forgeOrg
FN:124,setSchemes
FN:162,_forgeOrg
FNF:6
FNH:6
FNDA:324,create
FNDA:325,constructor
FNDA:3,addFounders
FNDA:328,forgeOrg
FNDA:322,setSchemes
FNDA:328,_forgeOrg
DA:14,324
DA:15,324
DA:16,324
DA:17,324
DA:35,325
DA:36,325
DA:37,325
DA:38,325
DA:61,3
DA:62,3
DA:63,3
DA:64,3
DA:66,1
DA:67,60
DA:68,60
DA:69,60
DA:72,60
DA:73,60
DA:77,1
DA:106,328
DA:135,322
DA:137,318
DA:138,318
DA:139,338
DA:141,318
DA:143,318
DA:145,318
DA:146,318
DA:173,328
DA:174,328
DA:175,326
DA:176,326
DA:177,326
DA:178,326
DA:182,326
DA:183,612
DA:184,610
DA:185,442
DA:187,610
DA:188,584
DA:192,324
DA:195,324
DA:198,324
DA:199,324
DA:200,324
DA:202,324
DA:204,324
DA:205,324
LF:48
LH:48
BRDA:35,1,0,325
BRDA:35,1,1,0
BRDA:36,2,0,325
BRDA:36,2,1,0
BRDA:61,3,0,3
BRDA:61,3,1,0
BRDA:62,4,0,3
BRDA:62,4,1,0
BRDA:63,5,0,3
BRDA:63,5,1,0
BRDA:64,6,0,1
BRDA:64,6,1,2
BRDA:67,7,0,60
BRDA:67,7,1,0
BRDA:68,8,0,60
BRDA:68,8,1,0
BRDA:72,9,0,60
BRDA:72,9,1,0
BRDA:135,10,0,318
BRDA:135,10,1,4
BRDA:173,11,0,328
BRDA:173,11,1,0
BRDA:174,12,0,326
BRDA:174,12,1,2
BRDA:175,13,0,326
BRDA:175,13,1,0
BRDA:183,14,0,610
BRDA:183,14,1,2
BRDA:184,15,0,442
BRDA:184,15,1,168
BRDA:187,16,0,584
BRDA:187,16,1,26
BRF:32
BRH:22
end_of_record
TN:
SF:/Users/benkaufman/Documents/Work/DAOstack/alchemy-monorepo/packages/arc/contracts/universalSchemes/GlobalConstraintRegistrar.sol
FN:64,executeProposal
FN:98,setParameters
FN:119,proposeGlobalConstraint
FN:164,proposeToRemoveGC
FN:198,getParametersHash
FNF:5
FNH:5
FNDA:8,executeProposal
FNDA:10,setParameters
FNDA:8,proposeGlobalConstraint
FNDA:5,proposeToRemoveGC
FNDA:20,getParametersHash
DA:65,8
DA:66,8
DA:68,8
DA:69,8
DA:70,8
DA:71,8
DA:73,8
DA:76,7
DA:79,7
DA:80,5
DA:81,5
DA:84,7
DA:85,2
DA:88,8
DA:89,8
DA:103,10
DA:104,10
DA:105,10
DA:106,10
DA:128,8
DA:130,8
DA:131,8
DA:133,8
DA:140,8
DA:141,8
DA:150,8
DA:154,8
DA:165,5
DA:166,5
DA:167,3
DA:168,3
DA:169,3
DA:176,3
DA:183,3
DA:184,3
DA:185,3
DA:189,3
DA:203,20
LF:38
LH:38
BRDA:69,1,0,8
BRDA:69,1,1,0
BRDA:73,2,0,7
BRDA:73,2,1,1
BRDA:79,3,0,5
BRDA:79,3,1,2
BRDA:84,4,0,2
BRDA:84,4,1,5
BRDA:166,5,0,3
BRDA:166,5,1,2
BRF:10
BRH:9
end_of_record
TN:
SF:/Users/benkaufman/Documents/Work/DAOstack/alchemy-monorepo/packages/arc/contracts/universalSchemes/OrganizationRegister.sol
FN:37,setParameters
FN:56,addOrPromoteAddress
FN:79,getParametersHash
FNF:3
FNH:3
FNDA:3,setParameters
FNDA:4,addOrPromoteAddress
FNDA:6,getParametersHash
DA:38,3
DA:39,3
DA:40,3
DA:41,3
DA:42,3
DA:44,3
DA:59,4
DA:61,4
DA:63,2
DA:64,2
DA:65,1
DA:67,2
DA:69,2
DA:82,6
LF:14
LH:14
BRDA:39,1,0,3
BRDA:39,1,1,0
BRDA:61,2,0,2
BRDA:61,2,1,2
BRDA:64,3,0,1
BRDA:64,3,1,1
BRF:6
BRH:5
end_of_record
TN:
SF:/Users/benkaufman/Documents/Work/DAOstack/alchemy-monorepo/packages/arc/contracts/universalSchemes/SchemeRegistrar.sol
FN:60,executeProposal
FN:92,setParameters
FN:115,proposeScheme
FN:165,proposeToRemoveScheme
FN:184,getParametersHash
FNF:5
FNH:5
FNDA:12,executeProposal
FNDA:15,setParameters
FNDA:11,proposeScheme
FNDA:5,proposeToRemoveScheme
FNDA:30,getParametersHash
DA:61,12
DA:62,12
DA:63,12
DA:64,12
DA:65,12
DA:66,12
DA:69,11
DA:72,11
DA:73,9
DA:81,11
DA:82,2
DA:85,12
DA:86,12
DA:98,15
DA:99,15
DA:100,15
DA:101,15
DA:102,15
DA:126,11
DA:127,11
DA:129,11
DA:136,11
DA:142,11
DA:150,11
DA:151,11
DA:155,11
DA:169,5
DA:170,5
DA:171,3
DA:173,3
DA:174,3
DA:175,3
DA:176,3
DA:177,3
DA:181,3
DA:190,30
LF:36
LH:36
BRDA:63,1,0,12
BRDA:63,1,1,0
BRDA:66,2,0,11
BRDA:66,2,1,1
BRDA:72,3,0,9
BRDA:72,3,1,2
BRDA:73,4,0,9
BRDA:73,4,1,0
BRDA:81,5,0,2
BRDA:81,5,1,9
BRDA:82,6,0,2
BRDA:82,6,1,0
BRDA:126,7,0,11
BRDA:126,7,1,0
BRDA:169,8,0,5
BRDA:169,8,1,0
BRF:16
BRH:11
end_of_record
TN:
SF:/Users/benkaufman/Documents/Work/DAOstack/alchemy-monorepo/packages/arc/contracts/universalSchemes/UniversalScheme.sol
FN:12,getParametersFromController
FNF:1
FNH:1
FNDA:60,getParametersFromController
DA:13,60
DA:15,58
LF:2
LH:2
BRDA:13,1,0,58
BRDA:13,1,1,2
BRF:2
BRH:2
end_of_record
TN:
SF:/Users/benkaufman/Documents/Work/DAOstack/alchemy-monorepo/packages/arc/contracts/universalSchemes/UniversalSchemeInterface.sol
FNF:0
FNH:0
LF:0
LH:0
BRF:0
BRH:0
end_of_record
TN:
SF:/Users/benkaufman/Documents/Work/DAOstack/alchemy-monorepo/packages/arc/contracts/universalSchemes/UpgradeScheme.sol
FN:59,executeProposal
FN:93,setParameters
FN:111,proposeUpgrade
FN:145,proposeChangeUpgradingScheme
FN:184,getParametersHash
FNF:5
FNH:5
FNDA:5,executeProposal
FNDA:8,setParameters
FNDA:3,proposeUpgrade
FNDA:4,proposeChangeUpgradingScheme
FNDA:16,getParametersHash
DA:60,5
DA:61,5
DA:62,5
DA:63,5
DA:64,5
DA:66,5
DA:69,4
DA:71,4
DA:72,1
DA:76,4
DA:77,3
DA:78,3
DA:81,3
DA:82,2
DA:86,5
DA:87,5
DA:98,8
DA:99,8
DA:100,8
DA:101,8
DA:115,3
DA:116,3
DA:117,3
DA:122,3
DA:123,3
DA:130,3
DA:134,3
DA:154,4
DA:155,4
DA:156,4
DA:157,4
DA:159,4
DA:164,4
DA:166,4
DA:174,4
DA:178,4
DA:189,16
LF:37
LH:37
BRDA:62,1,0,5
BRDA:62,1,1,0
BRDA:66,2,0,4
BRDA:66,2,1,1
BRDA:71,3,0,1
BRDA:71,3,1,3
BRDA:72,4,0,1
BRDA:72,4,1,0
BRDA:76,5,0,3
BRDA:76,5,1,1
BRDA:78,6,0,3
BRDA:78,6,1,0
BRDA:81,7,0,2
BRDA:81,7,1,1
BRDA:82,8,0,2
BRDA:82,8,1,0
BRDA:157,9,0,4
BRDA:157,9,1,0
BRF:18
BRH:13
end_of_record
TN:
SF:/Users/benkaufman/Documents/Work/DAOstack/alchemy-monorepo/packages/arc/contracts/universalSchemes/VoteInOrganizationScheme.sol
FN:52,executeProposal
FN:87,setParameters
FN:108,proposeVote
FN:154,getParametersHash
FNF:4
FNH:4
FNDA:4,executeProposal
FNDA:11,setParameters
FNDA:5,proposeVote
FNDA:22,getParametersHash
DA:53,4
DA:55,4
DA:56,4
DA:57,4
DA:58,4
DA:59,4
DA:60,4
DA:62,4
DA:64,3
DA:65,3
DA:75,3
DA:77,4
DA:78,4
DA:92,11
DA:93,11
DA:94,11
DA:95,11
DA:117,5
DA:118,5
DA:119,5
DA:120,5
DA:121,5
DA:124,5
DA:126,5
DA:132,5
DA:141,5
DA:145,5
DA:159,22
LF:28
LH:28
BRDA:56,1,0,4
BRDA:56,1,1,0
BRDA:62,2,0,3
BRDA:62,2,1,1
BRDA:75,3,0,3
BRDA:75,3,1,0
BRDA:120,4,0,5
BRDA:120,4,1,0
BRDA:121,5,0,5
BRDA:121,5,1,0
BRF:10
BRH:6
end_of_record
TN:
SF:/Users/benkaufman/Documents/Work/DAOstack/alchemy-monorepo/packages/arc/contracts/utils/CompetitionFactory.sol
FN:18,createCompetition
FN:49,getDefaultVoteParams
FNF:2
FNH:2
FNDA:10,createCompetition
FNDA:6,getDefaultVoteParams
DA:25,10
DA:26,8
DA:27,8
DA:28,8
DA:30,8
DA:31,8
DA:33,2
DA:35,6
DA:38,8
DA:41,8
DA:45,8
DA:46,8
DA:50,6
DA:52,2
DA:67,2
DA:82,2
LF:16
LH:16
BRDA:25,1,0,8
BRDA:25,1,1,2
BRDA:31,2,0,2
BRDA:31,2,1,6
BRDA:50,3,0,2
BRDA:50,3,1,4
BRDA:65,4,0,2
BRDA:65,4,1,2
BRDA:80,5,0,2
BRDA:80,5,1,0
BRF:10
BRH:9
end_of_record
TN:
SF:/Users/benkaufman/Documents/Work/DAOstack/alchemy-monorepo/packages/arc/contracts/utils/ContinuousLocking4ReputationFactory.sol
FN:12,createCL4R
FNF:1
FNH:1
FNDA:2,createCL4R
DA:24,2
DA:25,2
DA:38,2
DA:39,2
LF:4
LH:4
BRF:0
BRH:0
end_of_record
TN:
SF:/Users/benkaufman/Documents/Work/DAOstack/alchemy-monorepo/packages/arc/contracts/utils/DAOTracker.sol
FN:38,onlyAvatarOwner
FN:44,notBlacklisted
FN:64,track
FN:89,blacklist
FN:102,reset
FNF:5
FNH:5
FNDA:332,onlyAvatarOwner
FNDA:328,notBlacklisted
FNDA:328,track
FNDA:4,blacklist
FNDA:1,reset
DA:39,332
DA:41,328
DA:45,328
DA:47,328
DA:67,328
DA:68,328
DA:70,326
DA:90,4
DA:91,2
DA:92,2
DA:103,1
DA:104,1
DA:105,1
LF:13
LH:13
BRDA:39,1,0,328
BRDA:39,1,1,4
BRDA:45,2,0,328
BRDA:45,2,1,0
BRDA:67,3,0,328
BRDA:67,3,1,0
BRDA:68,4,0,326
BRDA:68,4,1,2
BRDA:90,5,0,2
BRDA:90,5,1,2
BRDA:103,6,0,1
BRDA:103,6,1,0
BRF:12
BRH:9
end_of_record
TN:
SF:/Users/benkaufman/Documents/Work/DAOstack/alchemy-monorepo/packages/arc/contracts/utils/GenericSchemeMultiCallFactory.sol
FN:18,createGenericSchemeMultiCallSimple
FN:55,getDefaultVoteParams
FNF:2
FNH:2
FNDA:10,createGenericSchemeMultiCallSimple
FNDA:6,getDefaultVoteParams
DA:28,10
DA:29,8
DA:30,8
DA:31,8
DA:32,2
DA:33,2
DA:36,8
DA:37,8
DA:39,2
DA:41,6
DA:44,8
DA:47,8
DA:51,8
DA:52,8
DA:56,6
DA:58,2
DA:73,2
DA:88,2
LF:18
LH:18
BRDA:28,1,0,8
BRDA:28,1,1,2
BRDA:31,2,0,2
BRDA:31,2,1,6
BRDA:37,3,0,2
BRDA:37,3,1,6
BRDA:56,4,0,2
BRDA:56,4,1,4
BRDA:71,5,0,2
BRDA:71,5,1,2
BRDA:86,6,0,2
BRDA:86,6,1,0
BRF:12
BRH:11
end_of_record
TN:
SF:/Users/benkaufman/Documents/Work/DAOstack/alchemy-monorepo/packages/arc/contracts/utils/Redeemer.sol
FN:44,redeem
FN:100,redeemFromCRExt
FN:151,redeemGenericSchemeMultiCall
FN:197,redeemGenericScheme
FN:218,genesisProtocolRedeem
FN:248,contributionRewardRedeem
FN:276,contributionRewardExtRedeem
FNF:7
FNH:7
FNDA:6,redeem
FNDA:6,redeemFromCRExt
FNDA:4,redeemGenericSchemeMultiCall
FNDA:2,redeemGenericScheme
FNDA:18,genesisProtocolRedeem
FNDA:4,contributionRewardRedeem
FNDA:4,contributionRewardExtRedeem
DA:59,6
DA:60,6
DA:62,6
DA:64,6
DA:65,4
DA:114,6
DA:115,6
DA:117,6
DA:119,6
DA:120,4
DA:162,4
DA:163,4
DA:165,4
DA:166,4
DA:167,4
DA:168,2
DA:208,2
DA:209,2
DA:211,2
DA:212,2
DA:213,2
DA:214,2
DA:227,18
DA:229,18
DA:233,8
DA:235,18
DA:236,18
DA:238,16
DA:239,16
DA:240,14
DA:243,16
DA:244,16
DA:252,4
DA:253,4
DA:254,4
DA:255,4
DA:256,4
DA:257,4
DA:258,4
DA:259,4
DA:260,4
DA:261,0
DA:263,4
DA:265,4
DA:266,4
DA:267,4
DA:269,4
DA:271,0
DA:273,4
DA:280,4
DA:281,4
DA:282,4
DA:283,4
DA:284,4
DA:285,4
DA:286,4
DA:287,0
DA:289,4
DA:291,4
DA:293,4
DA:295,0
DA:297,4
LF:62
LH:58
BRDA:62,1,0,6
BRDA:62,1,1,0
BRDA:64,2,0,4
BRDA:64,2,1,2
BRDA:117,3,0,6
BRDA:117,3,1,0
BRDA:119,4,0,4
BRDA:119,4,1,2
BRDA:167,5,0,2
BRDA:167,5,1,2
BRDA:213,6,0,2
BRDA:213,6,1,0
BRDA:229,7,0,8
BRDA:229,7,1,10
BRDA:236,8,0,16
BRDA:236,8,1,2
BRDA:239,9,0,14
BRDA:239,9,1,2
BRDA:260,10,0,0
BRDA:260,10,1,4
BRDA:267,11,0,4
BRDA:267,11,1,0
BRDA:286,12,0,0
BRDA:286,12,1,4
BRDA:291,13,0,4
BRDA:291,13,1,0
BRF:26
BRH:19
end_of_record
TN:
SF:/Users/benkaufman/Documents/Work/DAOstack/alchemy-monorepo/packages/arc/contracts/utils/RepAllocation.sol
FN:25,addBeneficiary
FN:38,addBeneficiaries
FN:49,freeze
FN:57,balanceOf
FNF:4
FNH:4
FNDA:33,addBeneficiary
FNDA:1,addBeneficiaries
FNDA:1,freeze
FNDA:5,balanceOf
DA:26,33
DA:28,31
DA:29,30
DA:30,30
DA:39,1
DA:40,1
DA:41,2
DA:50,1
DA:58,5
LF:9
LH:9
BRDA:26,1,0,31
BRDA:26,1,1,2
BRDA:28,2,0,30
BRDA:28,2,1,1
BRDA:39,3,0,1
BRDA:39,3,1,0
BRF:6
BRH:5
end_of_record
TN:
SF:/Users/benkaufman/Documents/Work/DAOstack/alchemy-monorepo/packages/arc/contracts/votingMachines/VotingMachineCallbacks.sol
FN:15,onlyVotingMachine
FN:20,onlyRegisteredScheme
FN:33,mintReputation
FN:45,burnReputation
FN:61,stakingTokenTransfer
FN:71,balanceOfStakingToken
FN:82,getTotalReputationSupply
FN:94,reputationOf
FNF:8
FNH:8
FNDA:147,onlyVotingMachine
FNDA:228,onlyRegisteredScheme
FNDA:17,mintReputation
FNDA:29,burnReputation
FNDA:1,stakingTokenTransfer
FNDA:5,balanceOfStakingToken
FNDA:134,getTotalReputationSupply
FNDA:94,reputationOf
DA:16,147
DA:17,137
DA:21,228
DA:22,228
DA:25,228
DA:36,17
DA:37,17
DA:38,0
DA:40,17
DA:48,29
DA:49,29
DA:50,0
DA:52,29
DA:64,1
DA:65,1
DA:66,0
DA:68,1
DA:72,5
DA:73,5
DA:74,0
DA:76,5
DA:84,134
DA:85,134
DA:86,0
DA:88,134
DA:96,94
DA:97,94
DA:98,0
DA:100,94
LF:29
LH:23
BRDA:16,1,0,137
BRDA:16,1,1,10
BRDA:22,2,0,228
BRDA:22,2,1,0
BRDA:37,3,0,0
BRDA:37,3,1,17
BRDA:49,4,0,0
BRDA:49,4,1,29
BRDA:65,5,0,0
BRDA:65,5,1,1
BRDA:73,6,0,0
BRDA:73,6,1,5
BRDA:85,7,0,0
BRDA:85,7,1,134
BRDA:97,8,0,0
BRDA:97,8,1,94
BRF:16
BRH:9
end_of_record
