TN:
SF:/Users/benkaufman/Documents/Work/DAOstack/alchemy-monorepo/packages/infra/contracts/libs/RealMath.sol
FN:34,pow
FN:62,fraction
FN:69,mul
FN:80,div
FNF:4
FNH:4
FNDA:899,pow
FNDA:1807,fraction
FNDA:1776,mul
FNDA:1807,div
DA:36,899
DA:37,899
DA:40,899
DA:41,899
DA:43,1321
DA:45,758
DA:48,1320
DA:49,1320
DA:51,1018
DA:56,898
DA:63,1807
DA:72,1776
DA:73,1776
DA:74,1775
DA:83,1807
LF:15
LH:15
BRDA:43,1,0,758
BRDA:43,1,1,563
BRDA:49,2,0,1018
BRDA:49,2,1,302
BRDA:73,3,0,1775
BRDA:73,3,1,1
BRF:6
BRH:6
end_of_record
TN:
SF:/Users/benkaufman/Documents/Work/DAOstack/alchemy-monorepo/packages/infra/contracts/Reputation.sol
FN:46,mint
FN:61,burn
FN:76,totalSupply
FN:87,balanceOf
FN:94,totalSupplyAt
FN:107,balanceOfAt
FN:125,getValueAt
FN:156,updateValueAtNow
FNF:8
FNH:8
FNDA:1031,mint
FNDA:165,burn
FNDA:1212,totalSupply
FNDA:1216,balanceOf
FNDA:2111,totalSupplyAt
FNDA:1597,balanceOfAt
FNDA:2333,getValueAt
FNDA:2389,updateValueAtNow
DA:47,1031
DA:48,1031
DA:49,1031
DA:50,1031
DA:51,1031
DA:52,1028
DA:53,1028
DA:54,1028
DA:62,165
DA:63,165
DA:64,165
DA:65,165
DA:66,18
DA:68,165
DA:69,165
DA:70,165
DA:71,165
DA:77,1212
DA:88,1216
DA:95,2111
DA:96,361
DA:99,1750
DA:110,1597
DA:111,1014
DA:114,583
DA:126,2333
DA:127,0
DA:131,2333
DA:132,1880
DA:134,453
DA:135,0
DA:139,453
DA:140,453
DA:141,453
DA:142,961
DA:143,961
DA:144,508
DA:146,453
DA:149,453
DA:157,2389
DA:158,2386
DA:159,2386
DA:160,2386
DA:161,2386
DA:163,0
DA:164,0
LF:46
LH:42
BRDA:48,1,0,1031
BRDA:48,1,1,0
BRDA:50,2,0,1031
BRDA:50,2,1,0
BRDA:65,3,0,18
BRDA:65,3,1,147
BRDA:95,4,0,361
BRDA:95,4,1,1750
BRDA:110,5,0,1014
BRDA:110,5,1,583
BRDA:126,6,0,0
BRDA:126,6,1,2333
BRDA:131,7,0,1880
BRDA:131,7,1,453
BRDA:134,8,0,0
BRDA:134,8,1,453
BRDA:143,9,0,508
BRDA:143,9,1,453
BRDA:157,10,0,2386
BRDA:157,10,1,3
BRDA:158,11,0,2386
BRDA:158,11,1,0
BRF:22
BRH:17
end_of_record
TN:
SF:/Users/benkaufman/Documents/Work/DAOstack/alchemy-monorepo/packages/infra/contracts/votingMachines/AbsoluteVote.sol
FN:47,votable
FN:60,propose
FN:104,vote
FN:125,cancelVote
FN:135,execute
FN:145,getNumberOfChoices
FN:156,voteInfo
FN:167,voteStatus
FN:176,isVotable
FN:184,isAbstainAllow
FN:193,getAllowedRangeOfChoices
FN:200,setParameters
FN:213,getParametersHash
FN:217,cancelVoteInternal
FN:226,deleteProposal
FN:240,_execute
FN:266,internalVote
FNF:17
FNH:14
FNDA:462,votable
FNDA:132,propose
FNDA:219,vote
FNDA:12,cancelVote
FNDA:0,execute
FNDA:0,getNumberOfChoices
FNDA:40,voteInfo
FNDA:440,voteStatus
FNDA:16,isVotable
FNDA:0,isAbstainAllow
FNDA:1,getAllowedRangeOfChoices
FNDA:606,setParameters
FNDA:640,getParametersHash
FNDA:93,cancelVoteInternal
FNDA:27,deleteProposal
FNDA:120,_execute
FNDA:213,internalVote
DA:48,462
DA:49,426
DA:65,132
DA:66,123
DA:68,114
DA:69,114
DA:71,114
DA:72,114
DA:73,114
DA:74,114
DA:75,114
DA:76,114
DA:77,114
DA:78,114
DA:79,114
DA:80,114
DA:82,0
DA:85,114
DA:86,114
DA:108,219
DA:109,219
DA:110,219
DA:111,219
DA:112,12
DA:113,6
DA:115,207
DA:117,213
DA:126,12
DA:136,0
DA:146,0
DA:157,40
DA:158,40
DA:168,440
DA:177,16
DA:185,0
DA:194,1
DA:201,606
DA:202,600
DA:203,600
DA:207,230
DA:214,640
DA:218,93
DA:219,93
DA:220,93
DA:221,93
DA:222,93
DA:223,93
DA:227,27
DA:228,27
DA:229,183
DA:231,27
DA:241,120
DA:242,120
DA:244,120
DA:246,120
DA:247,876
DA:248,12
DA:249,12
DA:250,12
DA:251,12
DA:254,108
DA:267,213
DA:269,213
DA:271,210
DA:272,210
DA:273,207
DA:274,195
DA:275,195
DA:276,186
DA:279,195
DA:280,81
DA:283,195
DA:284,195
DA:285,195
DA:290,195
DA:291,195
DA:293,195
LF:77
LH:73
BRDA:48,1,0,426
BRDA:48,1,1,36
BRDA:65,2,0,123
BRDA:65,2,1,9
BRDA:66,3,0,114
BRDA:66,3,1,9
BRDA:78,4,0,114
BRDA:78,4,1,0
BRDA:79,5,0,114
BRDA:79,5,1,0
BRDA:111,6,0,12
BRDA:111,6,1,207
BRDA:112,7,0,6
BRDA:112,7,1,6
BRDA:201,8,0,600
BRDA:201,8,1,6
BRDA:247,9,0,12
BRDA:247,9,1,864
BRDA:269,10,0,210
BRDA:269,10,1,3
BRDA:272,11,0,207
BRDA:272,11,1,3
BRDA:273,12,0,195
BRDA:273,12,1,12
BRDA:275,13,0,186
BRDA:275,13,1,9
BRDA:279,14,0,81
BRDA:279,14,1,114
BRF:28
BRH:26
end_of_record
TN:
SF:/Users/benkaufman/Documents/Work/DAOstack/alchemy-monorepo/packages/infra/contracts/votingMachines/GenesisProtocol.sol
FN:32,constructor
FN:43,stake
FN:61,stakeWithSignature
FN:116,vote
FN:135,cancelVote
FN:146,execute
FN:154,getNumberOfChoices
FN:163,getProposalTimes
FN:174,voteInfo
FN:185,voteStatus
FN:194,isVotable
FN:206,proposalStatus
FN:220,getProposalOrganization
FN:231,getStaker
FN:241,voteStake
FN:250,winningVote
FN:259,state
FN:267,isAbstainAllow
FN:276,getAllowedRangeOfChoices
FN:285,score
FNF:20
FNH:19
FNDA:198,constructor
FNDA:6,stake
FNDA:165,stakeWithSignature
FNDA:174,vote
FNDA:3,cancelVote
FNDA:60,execute
FNDA:1,getNumberOfChoices
FNDA:4,getProposalTimes
FNDA:6,voteInfo
FNDA:39,voteStatus
FNDA:7,isVotable
FNDA:13,proposalStatus
FNDA:1,getProposalOrganization
FNDA:7,getStaker
FNDA:0,voteStake
FNDA:1,winningVote
FNDA:2,state
FNDA:1,isAbstainAllow
FNDA:1,getAllowedRangeOfChoices
FNDA:4,score
DA:44,6
DA:73,165
DA:74,165
DA:75,0
DA:88,165
DA:97,165
DA:99,165
DA:100,159
DA:101,159
DA:102,159
DA:118,174
DA:119,174
DA:120,174
DA:121,174
DA:122,6
DA:123,3
DA:125,168
DA:127,171
DA:137,3
DA:147,60
DA:155,1
DA:164,4
DA:175,6
DA:176,6
DA:186,39
DA:195,7
DA:207,13
DA:221,1
DA:232,7
DA:242,0
DA:251,1
DA:260,2
DA:268,1
DA:277,1
DA:286,4
LF:35
LH:33
BRDA:74,1,0,0
BRDA:74,1,1,165
BRDA:99,2,0,159
BRDA:99,2,1,6
BRDA:100,3,0,159
BRDA:100,3,1,0
BRDA:121,4,0,6
BRDA:121,4,1,168
BRDA:122,5,0,3
BRDA:122,5,1,3
BRF:10
BRH:8
end_of_record
TN:
SF:/Users/benkaufman/Documents/Work/DAOstack/alchemy-monorepo/packages/infra/contracts/votingMachines/GenesisProtocolInterface.sol
FNF:0
FNH:0
LF:0
LH:0
BRF:0
BRH:0
end_of_record
TN:
SF:/Users/benkaufman/Documents/Work/DAOstack/alchemy-monorepo/packages/infra/contracts/votingMachines/GenesisProtocolLogic.sol
FN:140,constructor
FN:158,votable
FN:170,propose
FN:219,executeBoosted
FN:252,setParameters
FN:314,redeem
FN:403,redeemDaoBounty
FN:437,calcExecuteCallBounty
FN:449,shouldBoost
FN:462,threshold
FN:476,getParametersHash
FN:512,_execute
FN:635,_stake
FN:688,internalVote
FN:751,_score
FN:762,_isVotable
FNF:16
FNH:16
FNDA:198,constructor
FNDA:951,votable
FNDA:213,propose
FNDA:12,executeBoosted
FNDA:942,setParameters
FNDA:39,redeem
FNDA:16,redeemDaoBounty
FNDA:45,calcExecuteCallBounty
FNDA:15,shouldBoost
FNDA:720,threshold
FNDA:976,getParametersHash
FNDA:702,_execute
FNDA:165,_stake
FNDA:171,internalVote
FNDA:709,_score
FNDA:958,_isVotable
DA:146,198
DA:147,0
DA:149,198
DA:159,951
DA:160,939
DA:175,213
DA:177,207
DA:179,198
DA:180,198
DA:182,198
DA:183,198
DA:184,198
DA:186,198
DA:188,198
DA:189,198
DA:190,198
DA:191,198
DA:192,198
DA:193,198
DA:194,168
DA:195,162
DA:197,6
DA:201,198
DA:203,198
DA:204,198
DA:205,198
DA:207,198
DA:208,198
DA:220,12
DA:221,12
DA:223,12
DA:225,9
DA:229,9
DA:230,9
DA:231,9
DA:232,9
DA:259,942
DA:260,930
DA:261,927
DA:262,924
DA:263,924
DA:264,921
DA:266,918
DA:268,918
DA:270,3
DA:274,915
DA:275,915
DA:276,915
DA:277,2713
DA:278,16
DA:279,16
DA:281,2697
DA:284,915
DA:299,464
DA:315,39
DA:316,39
DA:318,36
DA:320,36
DA:321,36
DA:322,36
DA:324,36
DA:326,18
DA:328,4
DA:330,11
DA:331,8
DA:332,8
DA:333,8
DA:336,3
DA:339,18
DA:342,36
DA:346,7
DA:350,7
DA:354,36
DA:355,36
DA:356,20
DA:358,8
DA:360,12
DA:361,12
DA:362,12
DA:364,0
DA:366,12
DA:367,12
DA:370,20
DA:373,36
DA:374,8
DA:375,8
DA:377,36
DA:378,22
DA:379,22
DA:380,22
DA:382,36
DA:383,20
DA:385,20
DA:406,16
DA:407,16
DA:408,16
DA:409,16
DA:410,16
DA:416,8
DA:418,16
DA:421,3
DA:422,3
DA:423,3
DA:427,3
DA:428,3
DA:438,45
DA:439,45
DA:441,45
DA:450,15
DA:451,15
DA:463,720
DA:464,720
DA:466,720
DA:467,0
DA:470,720
DA:485,976
DA:513,702
DA:514,702
DA:515,702
DA:516,702
DA:519,702
DA:520,702
DA:521,702
DA:522,702
DA:524,702
DA:526,30
DA:527,15
DA:529,3
DA:531,12
DA:533,30
DA:535,672
DA:537,543
DA:538,9
DA:539,9
DA:540,9
DA:542,534
DA:543,534
DA:545,108
DA:547,108
DA:548,108
DA:553,672
DA:554,156
DA:556,156
DA:557,99
DA:558,96
DA:560,96
DA:562,96
DA:563,96
DA:565,96
DA:567,96
DA:573,3
DA:576,57
DA:577,57
DA:578,3
DA:580,3
DA:581,3
DA:587,702
DA:590,177
DA:591,30
DA:592,30
DA:596,702
DA:597,69
DA:599,42
DA:602,42
DA:603,42
DA:604,36
DA:606,6
DA:607,6
DA:611,69
DA:617,69
DA:618,69
DA:619,69
DA:621,702
DA:622,204
DA:624,702
DA:637,165
DA:638,165
DA:640,159
DA:641,0
DA:643,159
DA:645,159
DA:647,9
DA:651,150
DA:652,150
DA:653,0
DA:656,150
DA:657,150
DA:658,147
DA:659,147
DA:662,147
DA:663,147
DA:666,144
DA:667,129
DA:669,144
DA:671,144
DA:672,144
DA:673,144
DA:689,171
DA:690,171
DA:691,3
DA:694,168
DA:695,168
DA:698,168
DA:699,168
DA:700,165
DA:701,159
DA:702,159
DA:703,153
DA:706,159
DA:707,3
DA:710,156
DA:713,156
DA:716,126
DA:721,12
DA:722,9
DA:723,9
DA:724,9
DA:727,12
DA:729,126
DA:731,156
DA:736,156
DA:737,135
DA:738,135
DA:739,135
DA:741,156
DA:742,156
DA:752,709
DA:754,709
DA:763,958
DA:764,958
LF:230
LH:225
BRDA:146,1,0,0
BRDA:146,1,1,198
BRDA:159,2,0,939
BRDA:159,2,1,12
BRDA:175,3,0,207
BRDA:175,3,1,6
BRDA:177,4,0,198
BRDA:177,4,1,9
BRDA:193,5,0,168
BRDA:193,5,1,30
BRDA:194,6,0,162
BRDA:194,6,1,6
BRDA:221,7,0,12
BRDA:221,7,1,0
BRDA:223,8,0,9
BRDA:223,8,1,3
BRDA:231,9,0,9
BRDA:231,9,1,0
BRDA:259,10,0,930
BRDA:259,10,1,12
BRDA:260,11,0,927
BRDA:260,11,1,3
BRDA:261,12,0,924
BRDA:261,12,1,3
BRDA:262,13,0,924
BRDA:262,13,1,0
BRDA:263,14,0,921
BRDA:263,14,1,3
BRDA:264,15,0,918
BRDA:264,15,1,3
BRDA:268,16,0,3
BRDA:268,16,1,915
BRDA:277,17,0,16
BRDA:277,17,1,2697
BRDA:316,18,0,36
BRDA:316,18,1,3
BRDA:324,19,0,18
BRDA:324,19,1,18
BRDA:326,20,0,4
BRDA:326,20,1,14
BRDA:329,21,0,11
BRDA:329,21,1,3
BRDA:330,22,0,8
BRDA:330,22,1,3
BRDA:331,23,0,8
BRDA:331,23,1,0
BRDA:342,24,0,7
BRDA:342,24,1,29
BRDA:355,25,0,20
BRDA:355,25,1,16
BRDA:356,26,0,8
BRDA:356,26,1,12
BRDA:359,27,0,12
BRDA:359,27,1,0
BRDA:361,28,0,12
BRDA:361,28,1,0
BRDA:373,29,0,8
BRDA:373,29,1,28
BRDA:377,30,0,22
BRDA:377,30,1,14
BRDA:379,31,0,22
BRDA:379,31,1,0
BRDA:382,32,0,20
BRDA:382,32,1,16
BRDA:407,33,0,16
BRDA:407,33,1,0
BRDA:410,34,0,8
BRDA:410,34,1,8
BRDA:418,35,0,3
BRDA:418,35,1,13
BRDA:423,36,0,3
BRDA:423,36,1,0
BRDA:466,37,0,0
BRDA:466,37,1,720
BRDA:524,38,0,30
BRDA:524,38,1,672
BRDA:526,39,0,15
BRDA:526,39,1,15
BRDA:528,40,0,3
BRDA:528,40,1,12
BRDA:535,41,0,543
BRDA:535,41,1,129
BRDA:537,42,0,9
BRDA:537,42,1,534
BRDA:543,43,0,108
BRDA:543,43,1,426
BRDA:553,44,0,156
BRDA:553,44,1,516
BRDA:556,45,0,99
BRDA:556,45,1,57
BRDA:557,46,0,96
BRDA:557,46,1,3
BRDA:558,47,0,96
BRDA:558,47,1,0
BRDA:577,48,0,3
BRDA:577,48,1,54
BRDA:579,49,0,3
BRDA:579,49,1,51
BRDA:587,50,0,177
BRDA:587,50,1,525
BRDA:590,51,0,30
BRDA:590,51,1,147
BRDA:596,52,0,69
BRDA:596,52,1,633
BRDA:597,53,0,42
BRDA:597,53,1,27
BRDA:603,54,0,36
BRDA:603,54,1,6
BRDA:621,55,0,204
BRDA:621,55,1,498
BRDA:637,56,0,165
BRDA:637,56,1,0
BRDA:638,57,0,159
BRDA:638,57,1,6
BRDA:640,58,0,0
BRDA:640,58,1,159
BRDA:645,59,0,9
BRDA:645,59,1,150
BRDA:652,60,0,0
BRDA:652,60,1,150
BRDA:657,61,0,147
BRDA:657,61,1,3
BRDA:662,62,0,147
BRDA:662,62,1,0
BRDA:663,63,0,144
BRDA:663,63,1,3
BRDA:666,64,0,129
BRDA:666,64,1,15
BRDA:689,65,0,171
BRDA:689,65,1,0
BRDA:690,66,0,3
BRDA:690,66,1,168
BRDA:699,67,0,165
BRDA:699,67,1,3
BRDA:700,68,0,159
BRDA:700,68,1,6
BRDA:702,69,0,153
BRDA:702,69,1,6
BRDA:706,70,0,3
BRDA:706,70,1,156
BRDA:713,71,0,126
BRDA:713,71,1,30
BRDA:716,72,0,12
BRDA:716,72,1,114
BRDA:721,73,0,9
BRDA:721,73,1,3
BRDA:736,74,0,135
BRDA:736,74,1,21
BRF:148
BRH:131
end_of_record
TN:
SF:/Users/benkaufman/Documents/Work/DAOstack/alchemy-monorepo/packages/infra/contracts/votingMachines/ProposalExecuteInterface.sol
FNF:0
FNH:0
LF:0
LH:0
BRF:0
BRH:0
end_of_record
TN:
SF:/Users/benkaufman/Documents/Work/DAOstack/alchemy-monorepo/packages/infra/contracts/votingMachines/QuorumVote.sol
FN:12,execute
FN:20,_execute
FNF:2
FNH:1
FNDA:0,execute
FNDA:75,_execute
DA:13,0
DA:21,75
DA:22,75
DA:24,75
DA:27,75
DA:28,15
DA:29,15
DA:30,15
DA:31,102
DA:32,21
DA:33,21
DA:36,15
DA:37,15
DA:38,15
DA:39,15
DA:40,15
DA:42,60
LF:17
LH:16
BRDA:27,1,0,15
BRDA:27,1,1,60
BRDA:31,2,0,21
BRDA:31,2,1,81
BRF:4
BRH:4
end_of_record
TN:
SF:/Users/benkaufman/Documents/Work/DAOstack/alchemy-monorepo/packages/infra/contracts/votingMachines/VotingMachineCallbacksInterface.sol
FNF:0
FNH:0
LF:0
LH:0
BRF:0
BRH:0
end_of_record
